Arguments: 
  C:\Program Files\nodejs\node.exe C:\Users\pc\AppData\Roaming\npm\node_modules\yarn\bin\yarn.js init

PATH: 
  C:\Program Files\Git\mingw64\bin;C:\Program Files\Git\usr\bin;C:\Users\pc\bin;C:\Program Files (x86)\Common Files\Oracle\Java\javapath;C:\Python27;C:\Python27\Scripts;C:\WINDOWS\system32;C:\WINDOWS;C:\WINDOWS\System32\Wbem;C:\WINDOWS\System32\WindowsPowerShell\v1.0;C:\WINDOWS\System32\OpenSSH;C:\Program Files\Git\cmd;C:\web_developer\openssl;C:\Program Files\PuTTY;C:\Program Files (x86)\Microsoft SQL Server\100\Tools\Binn;C:\Program Files\Microsoft SQL Server\100\Tools\Binn;C:\Program Files\Microsoft SQL Server\100\DTS\Binn;C:\Program Files\Java\jdk1.8.0_241\bin;D:\php-7.4.11-nts-Win32-vc15-x64;C:\ProgramData\ComposerSetup\bin;C:\Program Files\nodejs;C:\Users\pc\AppData\Local\Programs\Python\Python38-32\Scripts;C:\Users\pc\AppData\Local\Programs\Python\Python38-32;C:\Program Files\MySQL\MySQL Shell 8.0\bin;C:\Users\pc\AppData\Local\Microsoft\WindowsApps;C:\Users\pc\AppData\Local\Programs\Microsoft VS Code\bin;C:\Program Files\Bandizip;C:\Users\pc\AppData\Local\GitHubDesktop\bin;C:\Users\pc\AppData\Local\Programs\Fiddler;C:\Users\pc\AppData\Local\Microsoft\WindowsApps;C:\Users\pc\AppData\Roaming\Composer\vendor\bin;C:\Users\pc\AppData\Roaming\npm

Yarn version: 
  1.22.10

Node version: 
  14.16.0

Platform: 
  win32 x64

Trace: 
  Error: canceled
      at Interface.<anonymous> (C:\Users\pc\AppData\Roaming\npm\node_modules\yarn\lib\cli.js:136216:13)
      at Interface.emit (events.js:315:20)
      at Interface._ttyWrite (readline.js:875:16)
      at ReadStream.onkeypress (readline.js:213:10)
      at ReadStream.emit (events.js:315:20)
      at emitKeys (internal/readline/utils.js:345:14)
      at emitKeys.next (<anonymous>)
      at ReadStream.onData (readline.js:1144:36)
      at ReadStream.emit (events.js:315:20)
      at addChunk (internal/streams/readable.js:309:12)

npm manifest: 
  {
    "name": "electron-quick-start",
    "version": "1.0.0",
    "description": "A minimal Electron application",
    "main": "main.js",
    "scripts": {
      "start": "electron ."
    },
    "repository": "https://github.com/electron/electron-quick-start",
    "keywords": [
      "Electron",
      "quick",
      "start",
      "tutorial",
      "demo"
    ],
    "author": "GitHub",
    "license": "CC0-1.0",
    "devDependencies": {
      "electron": "^12.0.2"
    }
  }

yarn manifest: 
  No manifest

Lockfile: 
  No lockfile
